

*******************************************************************************
Sun May 17 09:34:23 2020


FIT:    data read from dataPTH using 1:4
        format = x:z
        x range restricted to [-16.0000 : 16.0000]
        #datapoints = 17
        residuals are weighted equally (unit weight)

function used for fitting: f(x)
	f(x) = b*exp(-(x-d)**2/(s**2)) + a
fitted parameters initialized with current variable values

iter      chisq       delta/lim  lambda   a             s             d             b            
   0 9.1445286340e+05   0.00e+00  2.12e+02    3.000000e+02  -6.000000e+02   3.400000e+01   3.000000e+02
  22 5.1598175037e+02  -6.61e-03  2.12e+04    3.130429e+02  -4.685460e+00   9.679489e-01   3.646743e+02

After 22 iterations the fit converged.
final sum of squares of residuals : 515.982
rel. change during last iteration : -6.61201e-08

degrees of freedom    (FIT_NDF)                        : 13
rms of residuals      (FIT_STDFIT) = sqrt(WSSR/ndf)    : 6.30007
variance of residuals (reduced chisquare) = WSSR/ndf   : 39.6909

Final set of parameters            Asymptotic Standard Error
=======================            ==========================
a               = 313.043          +/- 2.202        (0.7034%)
s               = -4.68546         +/- 0.07788      (1.662%)
d               = 0.967949         +/- 0.04724      (4.88%)
b               = 364.674          +/- 4.763        (1.306%)

correlation matrix of the fit parameters:
                a      s      d      b      
a               1.000 
s               0.514  1.000 
d               0.000  0.000  1.000 
b              -0.327  0.300  0.000  1.000 
